<?xml version="1.0" encoding="UTF-8"?>
<testsuite xmlns:xsi="http://www.w3.org/2001/XMLSchema-instance" xsi:noNamespaceSchemaLocation="https://maven.apache.org/surefire/maven-surefire-plugin/xsd/surefire-test-report-3.0.xsd" version="3.0" name="crm.logopedia.LogopediaApplicationTests" time="12.506" tests="1" errors="0" skipped="0" failures="0">
  <properties>
    <property name="java.specification.version" value="17"/>
    <property name="sun.cpu.isalist" value="amd64"/>
    <property name="sun.jnu.encoding" value="Cp1252"/>
    <property name="java.class.path" value="C:\Users\Enriq\OneDrive\Escritorio\logopedia\target\test-classes;C:\Users\Enriq\OneDrive\Escritorio\logopedia\target\classes;C:\Users\Enriq\.m2\repository\org\springframework\boot\spring-boot-starter-data-jpa\3.1.0\spring-boot-starter-data-jpa-3.1.0.jar;C:\Users\Enriq\.m2\repository\org\springframework\boot\spring-boot-starter-aop\3.1.0\spring-boot-starter-aop-3.1.0.jar;C:\Users\Enriq\.m2\repository\org\aspectj\aspectjweaver\1.9.19\aspectjweaver-1.9.19.jar;C:\Users\Enriq\.m2\repository\org\springframework\boot\spring-boot-starter-jdbc\3.1.0\spring-boot-starter-jdbc-3.1.0.jar;C:\Users\Enriq\.m2\repository\com\zaxxer\HikariCP\5.0.1\HikariCP-5.0.1.jar;C:\Users\Enriq\.m2\repository\org\springframework\spring-jdbc\6.0.9\spring-jdbc-6.0.9.jar;C:\Users\Enriq\.m2\repository\org\hibernate\orm\hibernate-core\6.2.2.Final\hibernate-core-6.2.2.Final.jar;C:\Users\Enriq\.m2\repository\jakarta\persistence\jakarta.persistence-api\3.1.0\jakarta.persistence-api-3.1.0.jar;C:\Users\Enriq\.m2\repository\jakarta\transaction\jakarta.transaction-api\2.0.1\jakarta.transaction-api-2.0.1.jar;C:\Users\Enriq\.m2\repository\org\jboss\logging\jboss-logging\3.5.0.Final\jboss-logging-3.5.0.Final.jar;C:\Users\Enriq\.m2\repository\org\hibernate\common\hibernate-commons-annotations\6.0.6.Final\hibernate-commons-annotations-6.0.6.Final.jar;C:\Users\Enriq\.m2\repository\io\smallrye\jandex\3.0.5\jandex-3.0.5.jar;C:\Users\Enriq\.m2\repository\com\fasterxml\classmate\1.5.1\classmate-1.5.1.jar;C:\Users\Enriq\.m2\repository\net\bytebuddy\byte-buddy\1.14.4\byte-buddy-1.14.4.jar;C:\Users\Enriq\.m2\repository\jakarta\inject\jakarta.inject-api\2.0.1\jakarta.inject-api-2.0.1.jar;C:\Users\Enriq\.m2\repository\org\antlr\antlr4-runtime\4.10.1\antlr4-runtime-4.10.1.jar;C:\Users\Enriq\.m2\repository\org\springframework\data\spring-data-jpa\3.1.0\spring-data-jpa-3.1.0.jar;C:\Users\Enriq\.m2\repository\org\springframework\data\spring-data-commons\3.1.0\spring-data-commons-3.1.0.jar;C:\Users\Enriq\.m2\repository\org\springframework\spring-orm\6.0.9\spring-orm-6.0.9.jar;C:\Users\Enriq\.m2\repository\org\springframework\spring-context\6.0.9\spring-context-6.0.9.jar;C:\Users\Enriq\.m2\repository\org\springframework\spring-tx\6.0.9\spring-tx-6.0.9.jar;C:\Users\Enriq\.m2\repository\org\springframework\spring-beans\6.0.9\spring-beans-6.0.9.jar;C:\Users\Enriq\.m2\repository\jakarta\annotation\jakarta.annotation-api\2.1.1\jakarta.annotation-api-2.1.1.jar;C:\Users\Enriq\.m2\repository\org\springframework\spring-aspects\6.0.9\spring-aspects-6.0.9.jar;C:\Users\Enriq\.m2\repository\org\springframework\boot\spring-boot-starter-security\3.1.0\spring-boot-starter-security-3.1.0.jar;C:\Users\Enriq\.m2\repository\org\springframework\boot\spring-boot-starter\3.1.0\spring-boot-starter-3.1.0.jar;C:\Users\Enriq\.m2\repository\org\springframework\boot\spring-boot-starter-logging\3.1.0\spring-boot-starter-logging-3.1.0.jar;C:\Users\Enriq\.m2\repository\ch\qos\logback\logback-classic\1.4.7\logback-classic-1.4.7.jar;C:\Users\Enriq\.m2\repository\ch\qos\logback\logback-core\1.4.7\logback-core-1.4.7.jar;C:\Users\Enriq\.m2\repository\org\apache\logging\log4j\log4j-to-slf4j\2.20.0\log4j-to-slf4j-2.20.0.jar;C:\Users\Enriq\.m2\repository\org\apache\logging\log4j\log4j-api\2.20.0\log4j-api-2.20.0.jar;C:\Users\Enriq\.m2\repository\org\slf4j\jul-to-slf4j\2.0.7\jul-to-slf4j-2.0.7.jar;C:\Users\Enriq\.m2\repository\org\springframework\spring-aop\6.0.9\spring-aop-6.0.9.jar;C:\Users\Enriq\.m2\repository\org\springframework\security\spring-security-config\6.1.0\spring-security-config-6.1.0.jar;C:\Users\Enriq\.m2\repository\org\springframework\security\spring-security-web\6.1.0\spring-security-web-6.1.0.jar;C:\Users\Enriq\.m2\repository\org\springframework\spring-expression\6.0.9\spring-expression-6.0.9.jar;C:\Users\Enriq\.m2\repository\org\springframework\boot\spring-boot-starter-thymeleaf\3.1.0\spring-boot-starter-thymeleaf-3.1.0.jar;C:\Users\Enriq\.m2\repository\org\thymeleaf\thymeleaf-spring6\3.1.1.RELEASE\thymeleaf-spring6-3.1.1.RELEASE.jar;C:\Users\Enriq\.m2\repository\org\thymeleaf\thymeleaf\3.1.1.RELEASE\thymeleaf-3.1.1.RELEASE.jar;C:\Users\Enriq\.m2\repository\org\attoparser\attoparser\2.0.6.RELEASE\attoparser-2.0.6.RELEASE.jar;C:\Users\Enriq\.m2\repository\org\unbescape\unbescape\1.1.6.RELEASE\unbescape-1.1.6.RELEASE.jar;C:\Users\Enriq\.m2\repository\org\springframework\boot\spring-boot-starter-validation\3.1.0\spring-boot-starter-validation-3.1.0.jar;C:\Users\Enriq\.m2\repository\org\apache\tomcat\embed\tomcat-embed-el\10.1.8\tomcat-embed-el-10.1.8.jar;C:\Users\Enriq\.m2\repository\org\hibernate\validator\hibernate-validator\8.0.0.Final\hibernate-validator-8.0.0.Final.jar;C:\Users\Enriq\.m2\repository\jakarta\validation\jakarta.validation-api\3.0.2\jakarta.validation-api-3.0.2.jar;C:\Users\Enriq\.m2\repository\org\springframework\boot\spring-boot-starter-actuator\3.1.0\spring-boot-starter-actuator-3.1.0.jar;C:\Users\Enriq\.m2\repository\org\springframework\boot\spring-boot-actuator-autoconfigure\3.1.0\spring-boot-actuator-autoconfigure-3.1.0.jar;C:\Users\Enriq\.m2\repository\org\springframework\boot\spring-boot-actuator\3.1.0\spring-boot-actuator-3.1.0.jar;C:\Users\Enriq\.m2\repository\com\fasterxml\jackson\core\jackson-databind\2.15.0\jackson-databind-2.15.0.jar;C:\Users\Enriq\.m2\repository\com\fasterxml\jackson\core\jackson-annotations\2.15.0\jackson-annotations-2.15.0.jar;C:\Users\Enriq\.m2\repository\com\fasterxml\jackson\core\jackson-core\2.15.0\jackson-core-2.15.0.jar;C:\Users\Enriq\.m2\repository\com\fasterxml\jackson\datatype\jackson-datatype-jsr310\2.15.0\jackson-datatype-jsr310-2.15.0.jar;C:\Users\Enriq\.m2\repository\io\micrometer\micrometer-observation\1.11.0\micrometer-observation-1.11.0.jar;C:\Users\Enriq\.m2\repository\io\micrometer\micrometer-commons\1.11.0\micrometer-commons-1.11.0.jar;C:\Users\Enriq\.m2\repository\io\micrometer\micrometer-core\1.11.0\micrometer-core-1.11.0.jar;C:\Users\Enriq\.m2\repository\org\hdrhistogram\HdrHistogram\2.1.12\HdrHistogram-2.1.12.jar;C:\Users\Enriq\.m2\repository\org\latencyutils\LatencyUtils\2.0.3\LatencyUtils-2.0.3.jar;C:\Users\Enriq\.m2\repository\org\springframework\boot\spring-boot-starter-web\3.1.0\spring-boot-starter-web-3.1.0.jar;C:\Users\Enriq\.m2\repository\org\springframework\boot\spring-boot-starter-json\3.1.0\spring-boot-starter-json-3.1.0.jar;C:\Users\Enriq\.m2\repository\com\fasterxml\jackson\datatype\jackson-datatype-jdk8\2.15.0\jackson-datatype-jdk8-2.15.0.jar;C:\Users\Enriq\.m2\repository\com\fasterxml\jackson\module\jackson-module-parameter-names\2.15.0\jackson-module-parameter-names-2.15.0.jar;C:\Users\Enriq\.m2\repository\org\springframework\boot\spring-boot-starter-tomcat\3.1.0\spring-boot-starter-tomcat-3.1.0.jar;C:\Users\Enriq\.m2\repository\org\apache\tomcat\embed\tomcat-embed-core\10.1.8\tomcat-embed-core-10.1.8.jar;C:\Users\Enriq\.m2\repository\org\apache\tomcat\embed\tomcat-embed-websocket\10.1.8\tomcat-embed-websocket-10.1.8.jar;C:\Users\Enriq\.m2\repository\org\springframework\spring-web\6.0.9\spring-web-6.0.9.jar;C:\Users\Enriq\.m2\repository\org\springframework\spring-webmvc\6.0.9\spring-webmvc-6.0.9.jar;C:\Users\Enriq\.m2\repository\org\thymeleaf\extras\thymeleaf-extras-springsecurity6\3.1.1.RELEASE\thymeleaf-extras-springsecurity6-3.1.1.RELEASE.jar;C:\Users\Enriq\.m2\repository\org\slf4j\slf4j-api\2.0.7\slf4j-api-2.0.7.jar;C:\Users\Enriq\.m2\repository\org\springframework\boot\spring-boot-starter-mail\3.1.0\spring-boot-starter-mail-3.1.0.jar;C:\Users\Enriq\.m2\repository\org\springframework\spring-context-support\6.0.9\spring-context-support-6.0.9.jar;C:\Users\Enriq\.m2\repository\org\eclipse\angus\jakarta.mail\1.1.0\jakarta.mail-1.1.0.jar;C:\Users\Enriq\.m2\repository\jakarta\activation\jakarta.activation-api\2.1.2\jakarta.activation-api-2.1.2.jar;C:\Users\Enriq\.m2\repository\org\eclipse\angus\angus-activation\2.0.0\angus-activation-2.0.0.jar;C:\Users\Enriq\.m2\repository\org\springframework\boot\spring-boot-devtools\3.1.0\spring-boot-devtools-3.1.0.jar;C:\Users\Enriq\.m2\repository\org\springframework\boot\spring-boot\3.1.0\spring-boot-3.1.0.jar;C:\Users\Enriq\.m2\repository\org\springframework\boot\spring-boot-autoconfigure\3.1.0\spring-boot-autoconfigure-3.1.0.jar;C:\Users\Enriq\.m2\repository\com\microsoft\sqlserver\mssql-jdbc\11.2.3.jre17\mssql-jdbc-11.2.3.jre17.jar;C:\Users\Enriq\.m2\repository\com\h2database\h2\2.1.214\h2-2.1.214.jar;C:\Users\Enriq\.m2\repository\org\projectlombok\lombok\1.18.26\lombok-1.18.26.jar;C:\Users\Enriq\.m2\repository\org\springframework\boot\spring-boot-starter-test\3.1.0\spring-boot-starter-test-3.1.0.jar;C:\Users\Enriq\.m2\repository\org\springframework\boot\spring-boot-test\3.1.0\spring-boot-test-3.1.0.jar;C:\Users\Enriq\.m2\repository\org\springframework\boot\spring-boot-test-autoconfigure\3.1.0\spring-boot-test-autoconfigure-3.1.0.jar;C:\Users\Enriq\.m2\repository\com\jayway\jsonpath\json-path\2.8.0\json-path-2.8.0.jar;C:\Users\Enriq\.m2\repository\jakarta\xml\bind\jakarta.xml.bind-api\4.0.0\jakarta.xml.bind-api-4.0.0.jar;C:\Users\Enriq\.m2\repository\net\minidev\json-smart\2.4.10\json-smart-2.4.10.jar;C:\Users\Enriq\.m2\repository\net\minidev\accessors-smart\2.4.9\accessors-smart-2.4.9.jar;C:\Users\Enriq\.m2\repository\org\ow2\asm\asm\9.3\asm-9.3.jar;C:\Users\Enriq\.m2\repository\org\assertj\assertj-core\3.24.2\assertj-core-3.24.2.jar;C:\Users\Enriq\.m2\repository\org\hamcrest\hamcrest\2.2\hamcrest-2.2.jar;C:\Users\Enriq\.m2\repository\org\junit\jupiter\junit-jupiter\5.9.3\junit-jupiter-5.9.3.jar;C:\Users\Enriq\.m2\repository\org\junit\jupiter\junit-jupiter-api\5.9.3\junit-jupiter-api-5.9.3.jar;C:\Users\Enriq\.m2\repository\org\opentest4j\opentest4j\1.2.0\opentest4j-1.2.0.jar;C:\Users\Enriq\.m2\repository\org\junit\platform\junit-platform-commons\1.9.3\junit-platform-commons-1.9.3.jar;C:\Users\Enriq\.m2\repository\org\apiguardian\apiguardian-api\1.1.2\apiguardian-api-1.1.2.jar;C:\Users\Enriq\.m2\repository\org\junit\jupiter\junit-jupiter-params\5.9.3\junit-jupiter-params-5.9.3.jar;C:\Users\Enriq\.m2\repository\org\junit\jupiter\junit-jupiter-engine\5.9.3\junit-jupiter-engine-5.9.3.jar;C:\Users\Enriq\.m2\repository\org\junit\platform\junit-platform-engine\1.9.3\junit-platform-engine-1.9.3.jar;C:\Users\Enriq\.m2\repository\org\mockito\mockito-core\5.3.1\mockito-core-5.3.1.jar;C:\Users\Enriq\.m2\repository\net\bytebuddy\byte-buddy-agent\1.14.4\byte-buddy-agent-1.14.4.jar;C:\Users\Enriq\.m2\repository\org\objenesis\objenesis\3.3\objenesis-3.3.jar;C:\Users\Enriq\.m2\repository\org\mockito\mockito-junit-jupiter\5.3.1\mockito-junit-jupiter-5.3.1.jar;C:\Users\Enriq\.m2\repository\org\skyscreamer\jsonassert\1.5.1\jsonassert-1.5.1.jar;C:\Users\Enriq\.m2\repository\com\vaadin\external\google\android-json\0.0.20131108.vaadin1\android-json-0.0.20131108.vaadin1.jar;C:\Users\Enriq\.m2\repository\org\springframework\spring-core\6.0.9\spring-core-6.0.9.jar;C:\Users\Enriq\.m2\repository\org\springframework\spring-jcl\6.0.9\spring-jcl-6.0.9.jar;C:\Users\Enriq\.m2\repository\org\springframework\spring-test\6.0.9\spring-test-6.0.9.jar;C:\Users\Enriq\.m2\repository\org\xmlunit\xmlunit-core\2.9.1\xmlunit-core-2.9.1.jar;C:\Users\Enriq\.m2\repository\org\springframework\security\spring-security-test\6.1.0\spring-security-test-6.1.0.jar;C:\Users\Enriq\.m2\repository\org\springframework\security\spring-security-core\6.1.0\spring-security-core-6.1.0.jar;C:\Users\Enriq\.m2\repository\org\springframework\security\spring-security-crypto\6.1.0\spring-security-crypto-6.1.0.jar;C:\Users\Enriq\.m2\repository\javax\xml\bind\jaxb-api\2.3.1\jaxb-api-2.3.1.jar;C:\Users\Enriq\.m2\repository\javax\activation\javax.activation-api\1.2.0\javax.activation-api-1.2.0.jar;C:\Users\Enriq\.m2\repository\org\glassfish\jaxb\jaxb-runtime\4.0.2\jaxb-runtime-4.0.2.jar;C:\Users\Enriq\.m2\repository\org\glassfish\jaxb\jaxb-core\4.0.2\jaxb-core-4.0.2.jar;C:\Users\Enriq\.m2\repository\org\glassfish\jaxb\txw2\4.0.2\txw2-4.0.2.jar;C:\Users\Enriq\.m2\repository\com\sun\istack\istack-commons-runtime\4.1.1\istack-commons-runtime-4.1.1.jar;C:\Users\Enriq\.m2\repository\org\passay\passay\1.6.2\passay-1.6.2.jar;C:\Users\Enriq\.m2\repository\com\github\slugify\slugify\3.0.2\slugify-3.0.2.jar;C:\Users\Enriq\.m2\repository\org\modelmapper\modelmapper\3.1.1\modelmapper-3.1.1.jar;C:\Users\Enriq\.m2\repository\io\jsonwebtoken\jjwt-api\0.11.5\jjwt-api-0.11.5.jar;C:\Users\Enriq\.m2\repository\io\jsonwebtoken\jjwt-impl\0.11.5\jjwt-impl-0.11.5.jar;C:\Users\Enriq\.m2\repository\io\jsonwebtoken\jjwt-gson\0.11.5\jjwt-gson-0.11.5.jar;C:\Users\Enriq\.m2\repository\com\google\code\gson\gson\2.10.1\gson-2.10.1.jar;"/>
    <property name="java.vm.vendor" value="Oracle Corporation"/>
    <property name="sun.arch.data.model" value="64"/>
    <property name="user.variant" value=""/>
    <property name="java.vendor.url" value="https://java.oracle.com/"/>
    <property name="user.timezone" value="Europe/Madrid"/>
    <property name="org.jboss.logging.provider" value="slf4j"/>
    <property name="os.name" value="Windows 10"/>
    <property name="java.vm.specification.version" value="17"/>
    <property name="sun.java.launcher" value="SUN_STANDARD"/>
    <property name="user.country" value="ES"/>
    <property name="sun.boot.library.path" value="C:\Program Files\Java\jdk-17\bin"/>
    <property name="sun.java.command" value="C:\Users\Enriq\AppData\Local\Temp\surefire506651017483688976\surefirebooter-20231106173447693_3.jar C:\Users\Enriq\AppData\Local\Temp\surefire506651017483688976 2023-11-06T17-34-47_509-jvmRun1 surefire-20231106173447693_1tmp surefire_0-20231106173447693_2tmp"/>
    <property name="jdk.debug" value="release"/>
    <property name="surefire.test.class.path" value="C:\Users\Enriq\OneDrive\Escritorio\logopedia\target\test-classes;C:\Users\Enriq\OneDrive\Escritorio\logopedia\target\classes;C:\Users\Enriq\.m2\repository\org\springframework\boot\spring-boot-starter-data-jpa\3.1.0\spring-boot-starter-data-jpa-3.1.0.jar;C:\Users\Enriq\.m2\repository\org\springframework\boot\spring-boot-starter-aop\3.1.0\spring-boot-starter-aop-3.1.0.jar;C:\Users\Enriq\.m2\repository\org\aspectj\aspectjweaver\1.9.19\aspectjweaver-1.9.19.jar;C:\Users\Enriq\.m2\repository\org\springframework\boot\spring-boot-starter-jdbc\3.1.0\spring-boot-starter-jdbc-3.1.0.jar;C:\Users\Enriq\.m2\repository\com\zaxxer\HikariCP\5.0.1\HikariCP-5.0.1.jar;C:\Users\Enriq\.m2\repository\org\springframework\spring-jdbc\6.0.9\spring-jdbc-6.0.9.jar;C:\Users\Enriq\.m2\repository\org\hibernate\orm\hibernate-core\6.2.2.Final\hibernate-core-6.2.2.Final.jar;C:\Users\Enriq\.m2\repository\jakarta\persistence\jakarta.persistence-api\3.1.0\jakarta.persistence-api-3.1.0.jar;C:\Users\Enriq\.m2\repository\jakarta\transaction\jakarta.transaction-api\2.0.1\jakarta.transaction-api-2.0.1.jar;C:\Users\Enriq\.m2\repository\org\jboss\logging\jboss-logging\3.5.0.Final\jboss-logging-3.5.0.Final.jar;C:\Users\Enriq\.m2\repository\org\hibernate\common\hibernate-commons-annotations\6.0.6.Final\hibernate-commons-annotations-6.0.6.Final.jar;C:\Users\Enriq\.m2\repository\io\smallrye\jandex\3.0.5\jandex-3.0.5.jar;C:\Users\Enriq\.m2\repository\com\fasterxml\classmate\1.5.1\classmate-1.5.1.jar;C:\Users\Enriq\.m2\repository\net\bytebuddy\byte-buddy\1.14.4\byte-buddy-1.14.4.jar;C:\Users\Enriq\.m2\repository\jakarta\inject\jakarta.inject-api\2.0.1\jakarta.inject-api-2.0.1.jar;C:\Users\Enriq\.m2\repository\org\antlr\antlr4-runtime\4.10.1\antlr4-runtime-4.10.1.jar;C:\Users\Enriq\.m2\repository\org\springframework\data\spring-data-jpa\3.1.0\spring-data-jpa-3.1.0.jar;C:\Users\Enriq\.m2\repository\org\springframework\data\spring-data-commons\3.1.0\spring-data-commons-3.1.0.jar;C:\Users\Enriq\.m2\repository\org\springframework\spring-orm\6.0.9\spring-orm-6.0.9.jar;C:\Users\Enriq\.m2\repository\org\springframework\spring-context\6.0.9\spring-context-6.0.9.jar;C:\Users\Enriq\.m2\repository\org\springframework\spring-tx\6.0.9\spring-tx-6.0.9.jar;C:\Users\Enriq\.m2\repository\org\springframework\spring-beans\6.0.9\spring-beans-6.0.9.jar;C:\Users\Enriq\.m2\repository\jakarta\annotation\jakarta.annotation-api\2.1.1\jakarta.annotation-api-2.1.1.jar;C:\Users\Enriq\.m2\repository\org\springframework\spring-aspects\6.0.9\spring-aspects-6.0.9.jar;C:\Users\Enriq\.m2\repository\org\springframework\boot\spring-boot-starter-security\3.1.0\spring-boot-starter-security-3.1.0.jar;C:\Users\Enriq\.m2\repository\org\springframework\boot\spring-boot-starter\3.1.0\spring-boot-starter-3.1.0.jar;C:\Users\Enriq\.m2\repository\org\springframework\boot\spring-boot-starter-logging\3.1.0\spring-boot-starter-logging-3.1.0.jar;C:\Users\Enriq\.m2\repository\ch\qos\logback\logback-classic\1.4.7\logback-classic-1.4.7.jar;C:\Users\Enriq\.m2\repository\ch\qos\logback\logback-core\1.4.7\logback-core-1.4.7.jar;C:\Users\Enriq\.m2\repository\org\apache\logging\log4j\log4j-to-slf4j\2.20.0\log4j-to-slf4j-2.20.0.jar;C:\Users\Enriq\.m2\repository\org\apache\logging\log4j\log4j-api\2.20.0\log4j-api-2.20.0.jar;C:\Users\Enriq\.m2\repository\org\slf4j\jul-to-slf4j\2.0.7\jul-to-slf4j-2.0.7.jar;C:\Users\Enriq\.m2\repository\org\springframework\spring-aop\6.0.9\spring-aop-6.0.9.jar;C:\Users\Enriq\.m2\repository\org\springframework\security\spring-security-config\6.1.0\spring-security-config-6.1.0.jar;C:\Users\Enriq\.m2\repository\org\springframework\security\spring-security-web\6.1.0\spring-security-web-6.1.0.jar;C:\Users\Enriq\.m2\repository\org\springframework\spring-expression\6.0.9\spring-expression-6.0.9.jar;C:\Users\Enriq\.m2\repository\org\springframework\boot\spring-boot-starter-thymeleaf\3.1.0\spring-boot-starter-thymeleaf-3.1.0.jar;C:\Users\Enriq\.m2\repository\org\thymeleaf\thymeleaf-spring6\3.1.1.RELEASE\thymeleaf-spring6-3.1.1.RELEASE.jar;C:\Users\Enriq\.m2\repository\org\thymeleaf\thymeleaf\3.1.1.RELEASE\thymeleaf-3.1.1.RELEASE.jar;C:\Users\Enriq\.m2\repository\org\attoparser\attoparser\2.0.6.RELEASE\attoparser-2.0.6.RELEASE.jar;C:\Users\Enriq\.m2\repository\org\unbescape\unbescape\1.1.6.RELEASE\unbescape-1.1.6.RELEASE.jar;C:\Users\Enriq\.m2\repository\org\springframework\boot\spring-boot-starter-validation\3.1.0\spring-boot-starter-validation-3.1.0.jar;C:\Users\Enriq\.m2\repository\org\apache\tomcat\embed\tomcat-embed-el\10.1.8\tomcat-embed-el-10.1.8.jar;C:\Users\Enriq\.m2\repository\org\hibernate\validator\hibernate-validator\8.0.0.Final\hibernate-validator-8.0.0.Final.jar;C:\Users\Enriq\.m2\repository\jakarta\validation\jakarta.validation-api\3.0.2\jakarta.validation-api-3.0.2.jar;C:\Users\Enriq\.m2\repository\org\springframework\boot\spring-boot-starter-actuator\3.1.0\spring-boot-starter-actuator-3.1.0.jar;C:\Users\Enriq\.m2\repository\org\springframework\boot\spring-boot-actuator-autoconfigure\3.1.0\spring-boot-actuator-autoconfigure-3.1.0.jar;C:\Users\Enriq\.m2\repository\org\springframework\boot\spring-boot-actuator\3.1.0\spring-boot-actuator-3.1.0.jar;C:\Users\Enriq\.m2\repository\com\fasterxml\jackson\core\jackson-databind\2.15.0\jackson-databind-2.15.0.jar;C:\Users\Enriq\.m2\repository\com\fasterxml\jackson\core\jackson-annotations\2.15.0\jackson-annotations-2.15.0.jar;C:\Users\Enriq\.m2\repository\com\fasterxml\jackson\core\jackson-core\2.15.0\jackson-core-2.15.0.jar;C:\Users\Enriq\.m2\repository\com\fasterxml\jackson\datatype\jackson-datatype-jsr310\2.15.0\jackson-datatype-jsr310-2.15.0.jar;C:\Users\Enriq\.m2\repository\io\micrometer\micrometer-observation\1.11.0\micrometer-observation-1.11.0.jar;C:\Users\Enriq\.m2\repository\io\micrometer\micrometer-commons\1.11.0\micrometer-commons-1.11.0.jar;C:\Users\Enriq\.m2\repository\io\micrometer\micrometer-core\1.11.0\micrometer-core-1.11.0.jar;C:\Users\Enriq\.m2\repository\org\hdrhistogram\HdrHistogram\2.1.12\HdrHistogram-2.1.12.jar;C:\Users\Enriq\.m2\repository\org\latencyutils\LatencyUtils\2.0.3\LatencyUtils-2.0.3.jar;C:\Users\Enriq\.m2\repository\org\springframework\boot\spring-boot-starter-web\3.1.0\spring-boot-starter-web-3.1.0.jar;C:\Users\Enriq\.m2\repository\org\springframework\boot\spring-boot-starter-json\3.1.0\spring-boot-starter-json-3.1.0.jar;C:\Users\Enriq\.m2\repository\com\fasterxml\jackson\datatype\jackson-datatype-jdk8\2.15.0\jackson-datatype-jdk8-2.15.0.jar;C:\Users\Enriq\.m2\repository\com\fasterxml\jackson\module\jackson-module-parameter-names\2.15.0\jackson-module-parameter-names-2.15.0.jar;C:\Users\Enriq\.m2\repository\org\springframework\boot\spring-boot-starter-tomcat\3.1.0\spring-boot-starter-tomcat-3.1.0.jar;C:\Users\Enriq\.m2\repository\org\apache\tomcat\embed\tomcat-embed-core\10.1.8\tomcat-embed-core-10.1.8.jar;C:\Users\Enriq\.m2\repository\org\apache\tomcat\embed\tomcat-embed-websocket\10.1.8\tomcat-embed-websocket-10.1.8.jar;C:\Users\Enriq\.m2\repository\org\springframework\spring-web\6.0.9\spring-web-6.0.9.jar;C:\Users\Enriq\.m2\repository\org\springframework\spring-webmvc\6.0.9\spring-webmvc-6.0.9.jar;C:\Users\Enriq\.m2\repository\org\thymeleaf\extras\thymeleaf-extras-springsecurity6\3.1.1.RELEASE\thymeleaf-extras-springsecurity6-3.1.1.RELEASE.jar;C:\Users\Enriq\.m2\repository\org\slf4j\slf4j-api\2.0.7\slf4j-api-2.0.7.jar;C:\Users\Enriq\.m2\repository\org\springframework\boot\spring-boot-starter-mail\3.1.0\spring-boot-starter-mail-3.1.0.jar;C:\Users\Enriq\.m2\repository\org\springframework\spring-context-support\6.0.9\spring-context-support-6.0.9.jar;C:\Users\Enriq\.m2\repository\org\eclipse\angus\jakarta.mail\1.1.0\jakarta.mail-1.1.0.jar;C:\Users\Enriq\.m2\repository\jakarta\activation\jakarta.activation-api\2.1.2\jakarta.activation-api-2.1.2.jar;C:\Users\Enriq\.m2\repository\org\eclipse\angus\angus-activation\2.0.0\angus-activation-2.0.0.jar;C:\Users\Enriq\.m2\repository\org\springframework\boot\spring-boot-devtools\3.1.0\spring-boot-devtools-3.1.0.jar;C:\Users\Enriq\.m2\repository\org\springframework\boot\spring-boot\3.1.0\spring-boot-3.1.0.jar;C:\Users\Enriq\.m2\repository\org\springframework\boot\spring-boot-autoconfigure\3.1.0\spring-boot-autoconfigure-3.1.0.jar;C:\Users\Enriq\.m2\repository\com\microsoft\sqlserver\mssql-jdbc\11.2.3.jre17\mssql-jdbc-11.2.3.jre17.jar;C:\Users\Enriq\.m2\repository\com\h2database\h2\2.1.214\h2-2.1.214.jar;C:\Users\Enriq\.m2\repository\org\projectlombok\lombok\1.18.26\lombok-1.18.26.jar;C:\Users\Enriq\.m2\repository\org\springframework\boot\spring-boot-starter-test\3.1.0\spring-boot-starter-test-3.1.0.jar;C:\Users\Enriq\.m2\repository\org\springframework\boot\spring-boot-test\3.1.0\spring-boot-test-3.1.0.jar;C:\Users\Enriq\.m2\repository\org\springframework\boot\spring-boot-test-autoconfigure\3.1.0\spring-boot-test-autoconfigure-3.1.0.jar;C:\Users\Enriq\.m2\repository\com\jayway\jsonpath\json-path\2.8.0\json-path-2.8.0.jar;C:\Users\Enriq\.m2\repository\jakarta\xml\bind\jakarta.xml.bind-api\4.0.0\jakarta.xml.bind-api-4.0.0.jar;C:\Users\Enriq\.m2\repository\net\minidev\json-smart\2.4.10\json-smart-2.4.10.jar;C:\Users\Enriq\.m2\repository\net\minidev\accessors-smart\2.4.9\accessors-smart-2.4.9.jar;C:\Users\Enriq\.m2\repository\org\ow2\asm\asm\9.3\asm-9.3.jar;C:\Users\Enriq\.m2\repository\org\assertj\assertj-core\3.24.2\assertj-core-3.24.2.jar;C:\Users\Enriq\.m2\repository\org\hamcrest\hamcrest\2.2\hamcrest-2.2.jar;C:\Users\Enriq\.m2\repository\org\junit\jupiter\junit-jupiter\5.9.3\junit-jupiter-5.9.3.jar;C:\Users\Enriq\.m2\repository\org\junit\jupiter\junit-jupiter-api\5.9.3\junit-jupiter-api-5.9.3.jar;C:\Users\Enriq\.m2\repository\org\opentest4j\opentest4j\1.2.0\opentest4j-1.2.0.jar;C:\Users\Enriq\.m2\repository\org\junit\platform\junit-platform-commons\1.9.3\junit-platform-commons-1.9.3.jar;C:\Users\Enriq\.m2\repository\org\apiguardian\apiguardian-api\1.1.2\apiguardian-api-1.1.2.jar;C:\Users\Enriq\.m2\repository\org\junit\jupiter\junit-jupiter-params\5.9.3\junit-jupiter-params-5.9.3.jar;C:\Users\Enriq\.m2\repository\org\junit\jupiter\junit-jupiter-engine\5.9.3\junit-jupiter-engine-5.9.3.jar;C:\Users\Enriq\.m2\repository\org\junit\platform\junit-platform-engine\1.9.3\junit-platform-engine-1.9.3.jar;C:\Users\Enriq\.m2\repository\org\mockito\mockito-core\5.3.1\mockito-core-5.3.1.jar;C:\Users\Enriq\.m2\repository\net\bytebuddy\byte-buddy-agent\1.14.4\byte-buddy-agent-1.14.4.jar;C:\Users\Enriq\.m2\repository\org\objenesis\objenesis\3.3\objenesis-3.3.jar;C:\Users\Enriq\.m2\repository\org\mockito\mockito-junit-jupiter\5.3.1\mockito-junit-jupiter-5.3.1.jar;C:\Users\Enriq\.m2\repository\org\skyscreamer\jsonassert\1.5.1\jsonassert-1.5.1.jar;C:\Users\Enriq\.m2\repository\com\vaadin\external\google\android-json\0.0.20131108.vaadin1\android-json-0.0.20131108.vaadin1.jar;C:\Users\Enriq\.m2\repository\org\springframework\spring-core\6.0.9\spring-core-6.0.9.jar;C:\Users\Enriq\.m2\repository\org\springframework\spring-jcl\6.0.9\spring-jcl-6.0.9.jar;C:\Users\Enriq\.m2\repository\org\springframework\spring-test\6.0.9\spring-test-6.0.9.jar;C:\Users\Enriq\.m2\repository\org\xmlunit\xmlunit-core\2.9.1\xmlunit-core-2.9.1.jar;C:\Users\Enriq\.m2\repository\org\springframework\security\spring-security-test\6.1.0\spring-security-test-6.1.0.jar;C:\Users\Enriq\.m2\repository\org\springframework\security\spring-security-core\6.1.0\spring-security-core-6.1.0.jar;C:\Users\Enriq\.m2\repository\org\springframework\security\spring-security-crypto\6.1.0\spring-security-crypto-6.1.0.jar;C:\Users\Enriq\.m2\repository\javax\xml\bind\jaxb-api\2.3.1\jaxb-api-2.3.1.jar;C:\Users\Enriq\.m2\repository\javax\activation\javax.activation-api\1.2.0\javax.activation-api-1.2.0.jar;C:\Users\Enriq\.m2\repository\org\glassfish\jaxb\jaxb-runtime\4.0.2\jaxb-runtime-4.0.2.jar;C:\Users\Enriq\.m2\repository\org\glassfish\jaxb\jaxb-core\4.0.2\jaxb-core-4.0.2.jar;C:\Users\Enriq\.m2\repository\org\glassfish\jaxb\txw2\4.0.2\txw2-4.0.2.jar;C:\Users\Enriq\.m2\repository\com\sun\istack\istack-commons-runtime\4.1.1\istack-commons-runtime-4.1.1.jar;C:\Users\Enriq\.m2\repository\org\passay\passay\1.6.2\passay-1.6.2.jar;C:\Users\Enriq\.m2\repository\com\github\slugify\slugify\3.0.2\slugify-3.0.2.jar;C:\Users\Enriq\.m2\repository\org\modelmapper\modelmapper\3.1.1\modelmapper-3.1.1.jar;C:\Users\Enriq\.m2\repository\io\jsonwebtoken\jjwt-api\0.11.5\jjwt-api-0.11.5.jar;C:\Users\Enriq\.m2\repository\io\jsonwebtoken\jjwt-impl\0.11.5\jjwt-impl-0.11.5.jar;C:\Users\Enriq\.m2\repository\io\jsonwebtoken\jjwt-gson\0.11.5\jjwt-gson-0.11.5.jar;C:\Users\Enriq\.m2\repository\com\google\code\gson\gson\2.10.1\gson-2.10.1.jar;"/>
    <property name="sun.cpu.endian" value="little"/>
    <property name="user.home" value="C:\Users\Enriq"/>
    <property name="user.language" value="es"/>
    <property name="java.specification.vendor" value="Oracle Corporation"/>
    <property name="java.version.date" value="2023-04-18"/>
    <property name="java.home" value="C:\Program Files\Java\jdk-17"/>
    <property name="file.separator" value="\"/>
    <property name="basedir" value="C:\Users\Enriq\OneDrive\Escritorio\logopedia"/>
    <property name="java.vm.compressedOopsMode" value="Zero based"/>
    <property name="line.separator" value="&#10;"/>
    <property name="java.vm.specification.vendor" value="Oracle Corporation"/>
    <property name="java.specification.name" value="Java Platform API Specification"/>
    <property name="FILE_LOG_CHARSET" value="windows-1252"/>
    <property name="java.awt.headless" value="true"/>
    <property name="surefire.real.class.path" value="C:\Users\Enriq\AppData\Local\Temp\surefire506651017483688976\surefirebooter-20231106173447693_3.jar"/>
    <property name="user.script" value=""/>
    <property name="sun.management.compiler" value="HotSpot 64-Bit Tiered Compilers"/>
    <property name="java.runtime.version" value="17.0.7+8-LTS-224"/>
    <property name="user.name" value="Enriq"/>
    <property name="path.separator" value=";"/>
    <property name="os.version" value="10.0"/>
    <property name="java.runtime.name" value="Java(TM) SE Runtime Environment"/>
    <property name="file.encoding" value="Cp1252"/>
    <property name="java.vm.name" value="Java HotSpot(TM) 64-Bit Server VM"/>
    <property name="localRepository" value="C:\Users\Enriq\.m2\repository"/>
    <property name="java.vendor.url.bug" value="https://bugreport.java.com/bugreport/"/>
    <property name="java.io.tmpdir" value="C:\Users\Enriq\AppData\Local\Temp\"/>
    <property name="idea.version" value="2023.2.2"/>
    <property name="com.zaxxer.hikari.pool_number" value="1"/>
    <property name="java.version" value="17.0.7"/>
    <property name="user.dir" value="C:\Users\Enriq\OneDrive\Escritorio\logopedia"/>
    <property name="os.arch" value="amd64"/>
    <property name="java.vm.specification.name" value="Java Virtual Machine Specification"/>
    <property name="PID" value="23640"/>
    <property name="sun.os.patch.level" value=""/>
    <property name="CONSOLE_LOG_CHARSET" value="windows-1252"/>
    <property name="native.encoding" value="Cp1252"/>
    <property name="java.library.path" value="C:\Program Files\Java\jdk-17\bin;C:\Windows\Sun\Java\bin;C:\Windows\system32;C:\Windows;C:\Program Files\Microsoft MPI\Bin\;C:\Program Files (x86)\Razer\ChromaBroadcast\bin;C:\Program Files\Razer\ChromaBroadcast\bin;C:\Program Files\Common Files\Oracle\Java\javapath;C:\Windows\system32;C:\Windows;C:\Windows\System32\Wbem;C:\Windows\System32\WindowsPowerShell\v1.0\;C:\Windows\System32\OpenSSH\;C:\Program Files (x86)\NVIDIA Corporation\PhysX\Common;C:\Program Files\NVIDIA Corporation\NVIDIA NvDLISR;C:\Program Files\dotnet\;C:\Windows\system32\config\systemprofile\AppData\Local\Microsoft\WindowsApps;C:\Program Files\Git\cmd;C:\Program Files\Azure Data Studio\bin;C:\Program Files (x86)\Microsoft SQL Server\160\Tools\Binn\;C:\Program Files\Microsoft SQL Server\160\Tools\Binn\;C:\Program Files\Microsoft SQL Server\Client SDK\ODBC\170\Tools\Binn\;C:\Program Files\Microsoft SQL Server\160\DTS\Binn\;C:\Program Files (x86)\Microsoft SQL Server\160\DTS\Binn\;C:\Program Files\Docker\Docker\resources\bin;C:\Program Files (x86)\Google\Cloud SDK\google-cloud-sdk\bin;C:\Program Files\AutoFirma\AutoFirma;C:\Users\Enriq\AppData\Local\Microsoft\WindowsApps;C:\Users\Enriq\AppData\Local\Programs\Microsoft VS Code\bin;C:\Users\Enriq\AppData\Local\GitHubDesktop\bin;C:\tools;;."/>
    <property name="java.vm.info" value="mixed mode, sharing"/>
    <property name="java.vendor" value="Oracle Corporation"/>
    <property name="java.vm.version" value="17.0.7+8-LTS-224"/>
    <property name="sun.io.unicode.encoding" value="UnicodeLittle"/>
    <property name="java.class.version" value="61.0"/>
  </properties>
  <testcase name="contextLoads" classname="crm.logopedia.LogopediaApplicationTests" time="0.549">
    <system-out><![CDATA[17:34:50.181 [main] INFO org.springframework.test.context.support.AnnotationConfigContextLoaderUtils -- Could not detect default configuration classes for test class [crm.logopedia.LogopediaApplicationTests]: LogopediaApplicationTests does not declare any static, non-private, non-final, nested classes annotated with @Configuration.
17:34:50.325 [main] INFO org.springframework.boot.test.context.SpringBootTestContextBootstrapper -- Found @SpringBootConfiguration crm.logopedia.LogopediaApplication for test class crm.logopedia.LogopediaApplicationTests

  .   ____          _            __ _ _
 /\\ / ___'_ __ _ _(_)_ __  __ _ \ \ \ \
( ( )\___ | '_ | '_| | '_ \/ _` | \ \ \ \
 \\/  ___)| |_)| | | | | || (_| |  ) ) ) )
  '  |____| .__|_| |_|_| |_\__, | / / / /
 =========|_|==============|___/=/_/_/_/
 :: Spring Boot ::                (v3.1.0)

2023-11-06T17:34:50.901+01:00  INFO 23640 --- [           main] c.logopedia.LogopediaApplicationTests    : Starting LogopediaApplicationTests using Java 17.0.7 with PID 23640 (started by Enriq in C:\Users\Enriq\OneDrive\Escritorio\logopedia)
2023-11-06T17:34:50.903+01:00  INFO 23640 --- [           main] c.logopedia.LogopediaApplicationTests    : No active profile set, falling back to 1 default profile: "default"
2023-11-06T17:34:52.289+01:00  INFO 23640 --- [           main] .s.d.r.c.RepositoryConfigurationDelegate : Bootstrapping Spring Data JPA repositories in DEFAULT mode.
2023-11-06T17:34:52.420+01:00  INFO 23640 --- [           main] .s.d.r.c.RepositoryConfigurationDelegate : Finished Spring Data repository scanning in 120 ms. Found 5 JPA repository interfaces.
2023-11-06T17:34:53.480+01:00  INFO 23640 --- [           main] o.hibernate.jpa.internal.util.LogHelper  : HHH000204: Processing PersistenceUnitInfo [name: default]
2023-11-06T17:34:53.741+01:00  INFO 23640 --- [           main] org.hibernate.Version                    : HHH000412: Hibernate ORM core version 6.2.2.Final
2023-11-06T17:34:53.747+01:00  INFO 23640 --- [           main] org.hibernate.cfg.Environment            : HHH000406: Using bytecode reflection optimizer
2023-11-06T17:34:54.229+01:00  INFO 23640 --- [           main] o.h.b.i.BytecodeProviderInitiator        : HHH000021: Bytecode provider name : bytebuddy
2023-11-06T17:34:54.566+01:00  INFO 23640 --- [           main] o.s.o.j.p.SpringPersistenceUnitInfo      : No LoadTimeWeaver setup: ignoring JPA class transformer
2023-11-06T17:34:54.600+01:00  INFO 23640 --- [           main] com.zaxxer.hikari.HikariDataSource       : HikariPool-1 - Starting...
2023-11-06T17:34:55.045+01:00  INFO 23640 --- [           main] com.zaxxer.hikari.pool.HikariPool        : HikariPool-1 - Added connection conn0: url=jdbc:h2:mem:testdb user=SA
2023-11-06T17:34:55.047+01:00  INFO 23640 --- [           main] com.zaxxer.hikari.HikariDataSource       : HikariPool-1 - Start completed.
2023-11-06T17:34:55.084+01:00  INFO 23640 --- [           main] org.hibernate.orm.dialect                : HHH035001: Using dialect: org.hibernate.dialect.H2Dialect, version: 2.1.214
2023-11-06T17:34:55.475+01:00  INFO 23640 --- [           main] o.h.b.i.BytecodeProviderInitiator        : HHH000021: Bytecode provider name : bytebuddy
2023-11-06T17:34:56.598+01:00  INFO 23640 --- [           main] o.h.e.t.j.p.i.JtaPlatformInitiator       : HHH000490: Using JtaPlatform implementation: [org.hibernate.engine.transaction.jta.platform.internal.NoJtaPlatform]
2023-11-06T17:34:56.614+01:00 DEBUG 23640 --- [           main] org.hibernate.SQL                        : drop table if exists pacientes cascade 
2023-11-06T17:34:56.618+01:00 DEBUG 23640 --- [           main] org.hibernate.SQL                        : drop table if exists paciente_servicios cascade 
2023-11-06T17:34:56.618+01:00 DEBUG 23640 --- [           main] org.hibernate.SQL                        : drop table if exists perfiles_usuarios cascade 
2023-11-06T17:34:56.618+01:00 DEBUG 23640 --- [           main] org.hibernate.SQL                        : drop table if exists puestos_trabajo cascade 
2023-11-06T17:34:56.618+01:00 DEBUG 23640 --- [           main] org.hibernate.SQL                        : drop table if exists roles cascade 
2023-11-06T17:34:56.619+01:00 DEBUG 23640 --- [           main] org.hibernate.SQL                        : drop table if exists servicios cascade 
2023-11-06T17:34:56.619+01:00 DEBUG 23640 --- [           main] org.hibernate.SQL                        : drop table if exists usuarios cascade 
2023-11-06T17:34:56.619+01:00 DEBUG 23640 --- [           main] org.hibernate.SQL                        : drop table if exists usuarios_roles cascade 
2023-11-06T17:34:56.624+01:00 DEBUG 23640 --- [           main] org.hibernate.SQL                        : create table pacientes (activo boolean not null, consentimiento_coordinacion_escuelas boolean not null, fecha_nacimiento date not null, lopd boolean not null, fecha_creacion timestamp(6) not null, fecha_ultima_modificacion timestamp(6) not null, id bigint generated by default as identity, nombre varchar(30) not null, primer_apellido varchar(30) not null, segundo_apellido varchar(30), colegio varchar(50), nombre_usuario_creador varchar(50) not null, nombre_usuario_ultimo_modificador varchar(50) not null, observaciones varchar(500), primary key (id))
2023-11-06T17:34:56.634+01:00 DEBUG 23640 --- [           main] org.hibernate.SQL                        : create table paciente_servicios (paciente_id bigint not null, servicio_id bigint not null, primary key (paciente_id, servicio_id))
2023-11-06T17:34:56.637+01:00 DEBUG 23640 --- [           main] org.hibernate.SQL                        : create table perfiles_usuarios (id bigint generated by default as identity, puesto_trabajo_id bigint, dni varchar(9), naf varchar(12), movil varchar(15), nombre varchar(30) not null, primer_apellido varchar(30) not null, segundo_apellido varchar(30), funciones varchar(200), primary key (id))
2023-11-06T17:34:56.639+01:00 DEBUG 23640 --- [           main] org.hibernate.SQL                        : create table puestos_trabajo (fecha_creacion timestamp(6) not null, fecha_ultima_modificacion timestamp(6) not null, id bigint generated by default as identity, nombre_usuario_creador varchar(50) not null, nombre_usuario_ultimo_modificador varchar(50) not null, nombre varchar(255) not null unique, primary key (id))
2023-11-06T17:34:56.641+01:00 DEBUG 23640 --- [           main] org.hibernate.SQL                        : create table roles (id bigint generated by default as identity, nombre varchar(30) not null unique, primary key (id))
2023-11-06T17:34:56.642+01:00 DEBUG 23640 --- [           main] org.hibernate.SQL                        : create table servicios (fecha_creacion timestamp(6) not null, fecha_ultima_modificacion timestamp(6) not null, id bigint generated by default as identity, nombre_usuario_creador varchar(50) not null, nombre_usuario_ultimo_modificador varchar(50) not null, nombre varchar(255) not null unique, primary key (id))
2023-11-06T17:34:56.644+01:00 DEBUG 23640 --- [           main] org.hibernate.SQL                        : create table usuarios (cuenta_bloqueada boolean not null, cuenta_verificada boolean not null, habilitado boolean not null, intentos_inicio_sesion integer not null, fecha_bloqueo timestamp(6), fecha_creacion timestamp(6) not null, fecha_ultima_modificacion timestamp(6) not null, perfil_id bigint not null unique, nombre_usuario varchar(50) not null, nombre_usuario_creador varchar(50) not null, nombre_usuario_ultimo_modificador varchar(50) not null, correo_electronico varchar(255) not null unique, password varchar(255), primary key (nombre_usuario))
2023-11-06T17:34:56.646+01:00 DEBUG 23640 --- [           main] org.hibernate.SQL                        : create table usuarios_roles (rol_id bigint not null, nombre_usuario varchar(50) not null, primary key (rol_id, nombre_usuario))
2023-11-06T17:34:56.648+01:00 DEBUG 23640 --- [           main] org.hibernate.SQL                        : alter table if exists pacientes add constraint FKh4va6hsm4tshdis7mjun9mrl6 foreign key (nombre_usuario_creador) references usuarios
2023-11-06T17:34:56.659+01:00 DEBUG 23640 --- [           main] org.hibernate.SQL                        : alter table if exists pacientes add constraint FK4ctyt6i7i63m8x5ir828qch9l foreign key (nombre_usuario_ultimo_modificador) references usuarios
2023-11-06T17:34:56.661+01:00 DEBUG 23640 --- [           main] org.hibernate.SQL                        : alter table if exists paciente_servicios add constraint FKhhbcjnnr8xiwayovb8i0ye4o0 foreign key (servicio_id) references servicios
2023-11-06T17:34:56.663+01:00 DEBUG 23640 --- [           main] org.hibernate.SQL                        : alter table if exists paciente_servicios add constraint FK685svassc5oy5ufocaik6cfar foreign key (paciente_id) references pacientes
2023-11-06T17:34:56.665+01:00 DEBUG 23640 --- [           main] org.hibernate.SQL                        : alter table if exists perfiles_usuarios add constraint FK7fn8gj3ic5s8y5vdxe2cb88m1 foreign key (puesto_trabajo_id) references puestos_trabajo
2023-11-06T17:34:56.666+01:00 DEBUG 23640 --- [           main] org.hibernate.SQL                        : alter table if exists puestos_trabajo add constraint FK425k82gfvid1iqjiookwgkufg foreign key (nombre_usuario_creador) references usuarios
2023-11-06T17:34:56.668+01:00 DEBUG 23640 --- [           main] org.hibernate.SQL                        : alter table if exists puestos_trabajo add constraint FK711m51hv5m51g20h5ynujiu26 foreign key (nombre_usuario_ultimo_modificador) references usuarios
2023-11-06T17:34:56.670+01:00 DEBUG 23640 --- [           main] org.hibernate.SQL                        : alter table if exists servicios add constraint FKtb63mlbclu6m9uehugl62de6d foreign key (nombre_usuario_creador) references usuarios
2023-11-06T17:34:56.671+01:00 DEBUG 23640 --- [           main] org.hibernate.SQL                        : alter table if exists servicios add constraint FK1cgs4wygbubu2yjlwfgjbnu45 foreign key (nombre_usuario_ultimo_modificador) references usuarios
2023-11-06T17:34:56.673+01:00 DEBUG 23640 --- [           main] org.hibernate.SQL                        : alter table if exists usuarios add constraint FKb042719n9cqhti2j6ce5i2iis foreign key (nombre_usuario_creador) references usuarios
2023-11-06T17:34:56.675+01:00 DEBUG 23640 --- [           main] org.hibernate.SQL                        : alter table if exists usuarios add constraint FK8oumw1rdn1af98ema8ky11bup foreign key (nombre_usuario_ultimo_modificador) references usuarios
2023-11-06T17:34:56.676+01:00 DEBUG 23640 --- [           main] org.hibernate.SQL                        : alter table if exists usuarios add constraint FKlwkhgb4r7itsh567suk01kbjw foreign key (perfil_id) references perfiles_usuarios
2023-11-06T17:34:56.678+01:00 DEBUG 23640 --- [           main] org.hibernate.SQL                        : alter table if exists usuarios_roles add constraint FK5338ehgluufgc8bpj08nrq970 foreign key (rol_id) references roles
2023-11-06T17:34:56.679+01:00 DEBUG 23640 --- [           main] org.hibernate.SQL                        : alter table if exists usuarios_roles add constraint FKlgrm8m62uomb7fmwx8dhsvsau foreign key (nombre_usuario) references usuarios
2023-11-06T17:34:56.683+01:00  INFO 23640 --- [           main] o.h.t.s.i.e.GenerationTargetToDatabase   : HHH000476: Executing script 'file:/C:/Users/Enriq/OneDrive/Escritorio/logopedia/target/classes/import.sql'
2023-11-06T17:34:56.683+01:00 DEBUG 23640 --- [           main] org.hibernate.SQL                        : INSERT INTO Roles (nombre) VALUES ('ROLE_MASTER')
2023-11-06T17:34:56.686+01:00 DEBUG 23640 --- [           main] org.hibernate.SQL                        : INSERT INTO Roles (nombre) VALUES ('ROLE_ADMIN')
2023-11-06T17:34:56.686+01:00 DEBUG 23640 --- [           main] org.hibernate.SQL                        : INSERT INTO Roles (nombre) VALUES ('ROLE_MANAGER')
2023-11-06T17:34:56.687+01:00 DEBUG 23640 --- [           main] org.hibernate.SQL                        : INSERT INTO Roles (nombre) VALUES ('ROLE_RESPONSIBLE')
2023-11-06T17:34:56.687+01:00 DEBUG 23640 --- [           main] org.hibernate.SQL                        : INSERT INTO Roles (nombre) VALUES ('ROLE_USER')
2023-11-06T17:34:56.688+01:00 DEBUG 23640 --- [           main] org.hibernate.SQL                        : INSERT INTO Perfiles_Usuarios (nombre, primer_Apellido) VALUES('Enrique', 'Escalante')
2023-11-06T17:34:56.689+01:00 DEBUG 23640 --- [           main] org.hibernate.SQL                        : INSERT INTO Perfiles_Usuarios (nombre, primer_Apellido) VALUES('Cristina', 'LiÃ±an')
2023-11-06T17:34:56.689+01:00 DEBUG 23640 --- [           main] org.hibernate.SQL                        : INSERT INTO Usuarios (nombre_Usuario, correo_Electronico, password, perfil_Id, fecha_Creacion, fecha_Ultima_Modificacion, habilitado, cuenta_Bloqueada, intentos_Inicio_Sesion, cuenta_Verificada, nombre_Usuario_Creador, nombre_Usuario_Ultimo_Modificador) VALUES('enrique.escalante', 'enrique.escalante@hotmail.es', '$2a$10$.2VGBVkyf1zSE1fOwBIXXOMOZ6HfUn784vimes2mX6ILI89CzmTBu', 1, CURRENT_TIMESTAMP, CURRENT_TIMESTAMP, 1, 0, 0, 1, 'enrique.escalante', 'enrique.escalante')
2023-11-06T17:34:56.691+01:00 DEBUG 23640 --- [           main] org.hibernate.SQL                        : INSERT INTO Usuarios (nombre_Usuario, correo_Electronico, password, perfil_Id, fecha_Creacion, fecha_Ultima_Modificacion, habilitado, cuenta_Bloqueada, intentos_Inicio_Sesion, cuenta_Verificada, nombre_Usuario_Creador, nombre_Usuario_Ultimo_Modificador)  VALUES('cristina.liÃ±an', 'tortu_marbella_93@hotmail.com', '$2a$10$.2VGBVkyf1zSE1fOwBIXXOMOZ6HfUn784vimes2mX6ILI89CzmTBu', 2, CURRENT_TIMESTAMP, CURRENT_TIMESTAMP, 1, 0, 0, 1, 'enrique.escalante', 'enrique.escalante')
2023-11-06T17:34:56.692+01:00 DEBUG 23640 --- [           main] org.hibernate.SQL                        : INSERT INTO Usuarios_Roles (nombre_Usuario, rol_Id) VALUES('enrique.escalante', 1)
2023-11-06T17:34:56.693+01:00 DEBUG 23640 --- [           main] org.hibernate.SQL                        : INSERT INTO Usuarios_Roles (nombre_Usuario, rol_Id) VALUES('cristina.liÃ±an', 2)
2023-11-06T17:34:56.693+01:00 DEBUG 23640 --- [           main] org.hibernate.SQL                        : INSERT INTO Puestos_Trabajo (nombre, fecha_Creacion, fecha_Ultima_Modificacion, nombre_Usuario_Creador, nombre_Usuario_Ultimo_Modificador) VALUES('Developer', CURRENT_TIMESTAMP, CURRENT_TIMESTAMP, 'enrique.escalante', 'enrique.escalante')
2023-11-06T17:34:56.694+01:00 DEBUG 23640 --- [           main] org.hibernate.SQL                        : INSERT INTO Puestos_Trabajo (nombre, fecha_Creacion, fecha_Ultima_Modificacion, nombre_Usuario_Creador, nombre_Usuario_Ultimo_Modificador)  VALUES('Logopeda', CURRENT_TIMESTAMP, CURRENT_TIMESTAMP, 'enrique.escalante', 'enrique.escalante')
2023-11-06T17:34:56.695+01:00 DEBUG 23640 --- [           main] org.hibernate.SQL                        : UPDATE Perfiles_Usuarios SET puesto_Trabajo_Id = 1 WHERE id = 1
2023-11-06T17:34:56.698+01:00 DEBUG 23640 --- [           main] org.hibernate.SQL                        : UPDATE Perfiles_Usuarios SET puesto_Trabajo_Id = 2 WHERE id = 2
2023-11-06T17:34:56.699+01:00 DEBUG 23640 --- [           main] org.hibernate.SQL                        : INSERT INTO Servicios (nombre, fecha_Creacion, fecha_Ultima_Modificacion, nombre_Usuario_Creador, nombre_Usuario_Ultimo_Modificador) VALUES('Servicio de logopedia', CURRENT_TIMESTAMP, CURRENT_TIMESTAMP, 'enrique.escalante', 'enrique.escalante')
2023-11-06T17:34:56.700+01:00 DEBUG 23640 --- [           main] org.hibernate.SQL                        : INSERT INTO Servicios (nombre, fecha_Creacion, fecha_Ultima_Modificacion, nombre_Usuario_Creador, nombre_Usuario_Ultimo_Modificador)  VALUES('Servicio de psicologia', CURRENT_TIMESTAMP, CURRENT_TIMESTAMP, 'enrique.escalante', 'enrique.escalante')
2023-11-06T17:34:56.701+01:00 DEBUG 23640 --- [           main] org.hibernate.SQL                        : INSERT INTO Pacientes (nombre, primer_Apellido, fecha_Nacimiento, activo, lopd, consentimiento_Coordinacion_Escuelas, fecha_Creacion, fecha_Ultima_Modificacion, nombre_Usuario_Creador, nombre_Usuario_Ultimo_Modificador) VALUES('Juan', 'GarcÃ­a','2021-8-8', 1, 1, 1, CURRENT_TIMESTAMP, CURRENT_TIMESTAMP, 'enrique.escalante', 'enrique.escalante')
2023-11-06T17:34:56.702+01:00 DEBUG 23640 --- [           main] org.hibernate.SQL                        : INSERT INTO Pacientes (nombre, primer_Apellido, fecha_Nacimiento, activo, lopd, consentimiento_Coordinacion_Escuelas, fecha_Creacion, fecha_Ultima_Modificacion, nombre_Usuario_Creador, nombre_Usuario_Ultimo_Modificador) VALUES('Avril', 'Escalante','2022-7-7', 1, 1, 1,CURRENT_TIMESTAMP, CURRENT_TIMESTAMP, 'enrique.escalante', 'enrique.escalante')
2023-11-06T17:34:56.708+01:00  INFO 23640 --- [           main] j.LocalContainerEntityManagerFactoryBean : Initialized JPA EntityManagerFactory for persistence unit 'default'
2023-11-06T17:34:58.361+01:00  INFO 23640 --- [           main] o.s.d.j.r.query.QueryEnhancerFactory     : Hibernate is in classpath; If applicable, HQL parser will be used.
2023-11-06T17:35:00.067+01:00  WARN 23640 --- [           main] JpaBaseConfiguration$JpaWebConfiguration : spring.jpa.open-in-view is enabled by default. Therefore, database queries may be performed during view rendering. Explicitly configure spring.jpa.open-in-view to disable this warning
2023-11-06T17:35:01.015+01:00  INFO 23640 --- [           main] o.s.b.a.e.web.EndpointLinksResolver      : Exposing 1 endpoint(s) beneath base path '/actuator'
2023-11-06T17:35:01.238+01:00  INFO 23640 --- [           main] o.s.s.web.DefaultSecurityFilterChain     : Will secure any request with [org.springframework.security.web.session.DisableEncodeUrlFilter@117f1636, org.springframework.security.web.context.request.async.WebAsyncManagerIntegrationFilter@5cb3fff1, org.springframework.security.web.context.SecurityContextHolderFilter@2c107b94, org.springframework.security.web.header.HeaderWriterFilter@6084d56b, org.springframework.security.web.csrf.CsrfFilter@213488e6, org.springframework.security.web.authentication.logout.LogoutFilter@6faeb7dc, org.springframework.security.web.authentication.UsernamePasswordAuthenticationFilter@4acca937, org.springframework.security.web.session.ConcurrentSessionFilter@208c08d2, org.springframework.security.web.savedrequest.RequestCacheAwareFilter@57e86d0c, org.springframework.security.web.servletapi.SecurityContextHolderAwareRequestFilter@25ad3681, org.springframework.security.web.authentication.rememberme.RememberMeAuthenticationFilter@26bc130c, org.springframework.security.web.authentication.AnonymousAuthenticationFilter@1ad1a318, org.springframework.security.web.session.SessionManagementFilter@1275d11b, org.springframework.security.web.access.ExceptionTranslationFilter@401038b1, org.springframework.security.web.access.intercept.AuthorizationFilter@4b6a7362]
2023-11-06T17:35:01.739+01:00  INFO 23640 --- [           main] o.s.b.a.h2.H2ConsoleAutoConfiguration    : H2 console available at '/h2-console'. Database available at 'jdbc:h2:mem:testdb'
2023-11-06T17:35:01.872+01:00  INFO 23640 --- [           main] c.logopedia.LogopediaApplicationTests    : Started LogopediaApplicationTests in 11.313 seconds (process running for 14.017)
]]></system-out>
  </testcase>
</testsuite>